[2021-06-02 12:07:27] local.ERROR: Unable to prepare route [/] for serialization. Uses Closure. {"exception":"[object] (LogicException(code: 0): Unable to prepare route [/] for serialization. Uses Closure. at /home/dei/code/sauco/api/sirim/vendor/laravel/framework/src/Illuminate/Routing/Route.php:1150)
[stacktrace]
#0 /home/dei/code/sauco/api/sirim/vendor/laravel/framework/src/Illuminate/Foundation/Console/RouteCacheCommand.php(62): Illuminate\\Routing\\Route->prepareForSerialization()
#1 /home/dei/code/sauco/api/sirim/vendor/laravel/framework/src/Illuminate/Container/BoundMethod.php(36): Illuminate\\Foundation\\Console\\RouteCacheCommand->handle()
#2 /home/dei/code/sauco/api/sirim/vendor/laravel/framework/src/Illuminate/Container/Util.php(37): Illuminate\\Container\\BoundMethod::Illuminate\\Container\\{closure}()
#3 /home/dei/code/sauco/api/sirim/vendor/laravel/framework/src/Illuminate/Container/BoundMethod.php(93): Illuminate\\Container\\Util::unwrapIfClosure()
#4 /home/dei/code/sauco/api/sirim/vendor/laravel/framework/src/Illuminate/Container/BoundMethod.php(37): Illuminate\\Container\\BoundMethod::callBoundMethod()
#5 /home/dei/code/sauco/api/sirim/vendor/laravel/framework/src/Illuminate/Container/Container.php(596): Illuminate\\Container\\BoundMethod::call()
#6 /home/dei/code/sauco/api/sirim/vendor/laravel/framework/src/Illuminate/Console/Command.php(134): Illuminate\\Container\\Container->call()
#7 /home/dei/code/sauco/api/sirim/vendor/symfony/console/Command/Command.php(256): Illuminate\\Console\\Command->execute()
#8 /home/dei/code/sauco/api/sirim/vendor/laravel/framework/src/Illuminate/Console/Command.php(121): Symfony\\Component\\Console\\Command\\Command->run()
#9 /home/dei/code/sauco/api/sirim/vendor/symfony/console/Application.php(971): Illuminate\\Console\\Command->run()
#10 /home/dei/code/sauco/api/sirim/vendor/symfony/console/Application.php(290): Symfony\\Component\\Console\\Application->doRunCommand()
#11 /home/dei/code/sauco/api/sirim/vendor/symfony/console/Application.php(166): Symfony\\Component\\Console\\Application->doRun()
#12 /home/dei/code/sauco/api/sirim/vendor/laravel/framework/src/Illuminate/Console/Application.php(93): Symfony\\Component\\Console\\Application->run()
#13 /home/dei/code/sauco/api/sirim/vendor/laravel/framework/src/Illuminate/Foundation/Console/Kernel.php(129): Illuminate\\Console\\Application->run()
#14 /home/dei/code/sauco/api/sirim/artisan(37): Illuminate\\Foundation\\Console\\Kernel->handle()
#15 {main}
"} 
[2021-06-02 12:07:33] local.ERROR: Unable to prepare route [/] for serialization. Uses Closure. {"exception":"[object] (LogicException(code: 0): Unable to prepare route [/] for serialization. Uses Closure. at /home/dei/code/sauco/api/sirim/vendor/laravel/framework/src/Illuminate/Routing/Route.php:1150)
[stacktrace]
#0 /home/dei/code/sauco/api/sirim/vendor/laravel/framework/src/Illuminate/Foundation/Console/RouteCacheCommand.php(62): Illuminate\\Routing\\Route->prepareForSerialization()
#1 /home/dei/code/sauco/api/sirim/vendor/laravel/framework/src/Illuminate/Container/BoundMethod.php(36): Illuminate\\Foundation\\Console\\RouteCacheCommand->handle()
#2 /home/dei/code/sauco/api/sirim/vendor/laravel/framework/src/Illuminate/Container/Util.php(37): Illuminate\\Container\\BoundMethod::Illuminate\\Container\\{closure}()
#3 /home/dei/code/sauco/api/sirim/vendor/laravel/framework/src/Illuminate/Container/BoundMethod.php(93): Illuminate\\Container\\Util::unwrapIfClosure()
#4 /home/dei/code/sauco/api/sirim/vendor/laravel/framework/src/Illuminate/Container/BoundMethod.php(37): Illuminate\\Container\\BoundMethod::callBoundMethod()
#5 /home/dei/code/sauco/api/sirim/vendor/laravel/framework/src/Illuminate/Container/Container.php(596): Illuminate\\Container\\BoundMethod::call()
#6 /home/dei/code/sauco/api/sirim/vendor/laravel/framework/src/Illuminate/Console/Command.php(134): Illuminate\\Container\\Container->call()
#7 /home/dei/code/sauco/api/sirim/vendor/symfony/console/Command/Command.php(256): Illuminate\\Console\\Command->execute()
#8 /home/dei/code/sauco/api/sirim/vendor/laravel/framework/src/Illuminate/Console/Command.php(121): Symfony\\Component\\Console\\Command\\Command->run()
#9 /home/dei/code/sauco/api/sirim/vendor/laravel/framework/src/Illuminate/Console/Concerns/CallsCommands.php(56): Illuminate\\Console\\Command->run()
#10 /home/dei/code/sauco/api/sirim/vendor/laravel/framework/src/Illuminate/Console/Concerns/CallsCommands.php(28): Illuminate\\Console\\Command->runCommand()
#11 /home/dei/code/sauco/api/sirim/vendor/laravel/framework/src/Illuminate/Foundation/Console/OptimizeCommand.php(31): Illuminate\\Console\\Command->call()
#12 /home/dei/code/sauco/api/sirim/vendor/laravel/framework/src/Illuminate/Container/BoundMethod.php(36): Illuminate\\Foundation\\Console\\OptimizeCommand->handle()
#13 /home/dei/code/sauco/api/sirim/vendor/laravel/framework/src/Illuminate/Container/Util.php(37): Illuminate\\Container\\BoundMethod::Illuminate\\Container\\{closure}()
#14 /home/dei/code/sauco/api/sirim/vendor/laravel/framework/src/Illuminate/Container/BoundMethod.php(93): Illuminate\\Container\\Util::unwrapIfClosure()
#15 /home/dei/code/sauco/api/sirim/vendor/laravel/framework/src/Illuminate/Container/BoundMethod.php(37): Illuminate\\Container\\BoundMethod::callBoundMethod()
#16 /home/dei/code/sauco/api/sirim/vendor/laravel/framework/src/Illuminate/Container/Container.php(596): Illuminate\\Container\\BoundMethod::call()
#17 /home/dei/code/sauco/api/sirim/vendor/laravel/framework/src/Illuminate/Console/Command.php(134): Illuminate\\Container\\Container->call()
#18 /home/dei/code/sauco/api/sirim/vendor/symfony/console/Command/Command.php(256): Illuminate\\Console\\Command->execute()
#19 /home/dei/code/sauco/api/sirim/vendor/laravel/framework/src/Illuminate/Console/Command.php(121): Symfony\\Component\\Console\\Command\\Command->run()
#20 /home/dei/code/sauco/api/sirim/vendor/symfony/console/Application.php(971): Illuminate\\Console\\Command->run()
#21 /home/dei/code/sauco/api/sirim/vendor/symfony/console/Application.php(290): Symfony\\Component\\Console\\Application->doRunCommand()
#22 /home/dei/code/sauco/api/sirim/vendor/symfony/console/Application.php(166): Symfony\\Component\\Console\\Application->doRun()
#23 /home/dei/code/sauco/api/sirim/vendor/laravel/framework/src/Illuminate/Console/Application.php(93): Symfony\\Component\\Console\\Application->run()
#24 /home/dei/code/sauco/api/sirim/vendor/laravel/framework/src/Illuminate/Foundation/Console/Kernel.php(129): Illuminate\\Console\\Application->run()
#25 /home/dei/code/sauco/api/sirim/artisan(37): Illuminate\\Foundation\\Console\\Kernel->handle()
#26 {main}
"} 
